[debug] [2024-02-14T04:32:51.990Z] ----------------------------------------------------------------------
[debug] [2024-02-14T04:32:51.992Z] Command:       /usr/local/bin/firebase /Users/patricediouf/.cache/firebase/tools/lib/node_modules/firebase-tools/lib/bin/firebase deploy --only functions
[debug] [2024-02-14T04:32:51.992Z] CLI Version:   12.4.0
[debug] [2024-02-14T04:32:51.992Z] Platform:      darwin
[debug] [2024-02-14T04:32:51.992Z] Node Version:  v16.16.0
[debug] [2024-02-14T04:32:51.994Z] Time:          Tue Feb 13 2024 23:32:51 GMT-0500 (Eastern Standard Time)
[debug] [2024-02-14T04:32:51.995Z] ----------------------------------------------------------------------
[debug] 
[debug] [2024-02-14T04:32:52.107Z] > command requires scopes: ["email","openid","https://www.googleapis.com/auth/cloudplatformprojects.readonly","https://www.googleapis.com/auth/firebase","https://www.googleapis.com/auth/cloud-platform"]
[debug] [2024-02-14T04:32:52.109Z] > authorizing via signed-in user (tridinnovations@gmail.com)
[debug] [2024-02-14T04:32:52.110Z] [iam] checking project trid-innovations for permissions ["cloudfunctions.functions.create","cloudfunctions.functions.delete","cloudfunctions.functions.get","cloudfunctions.functions.list","cloudfunctions.functions.update","cloudfunctions.operations.get","firebase.projects.get"]
[debug] [2024-02-14T04:32:52.114Z] >>> [apiv2][query] POST https://cloudresourcemanager.googleapis.com/v1/projects/trid-innovations:testIamPermissions [none]
[debug] [2024-02-14T04:32:52.114Z] >>> [apiv2][(partial)header] POST https://cloudresourcemanager.googleapis.com/v1/projects/trid-innovations:testIamPermissions x-goog-quota-user=projects/trid-innovations
[debug] [2024-02-14T04:32:52.115Z] >>> [apiv2][body] POST https://cloudresourcemanager.googleapis.com/v1/projects/trid-innovations:testIamPermissions {"permissions":["cloudfunctions.functions.create","cloudfunctions.functions.delete","cloudfunctions.functions.get","cloudfunctions.functions.list","cloudfunctions.functions.update","cloudfunctions.operations.get","firebase.projects.get"]}
[debug] [2024-02-14T04:32:52.274Z] <<< [apiv2][status] POST https://cloudresourcemanager.googleapis.com/v1/projects/trid-innovations:testIamPermissions 200
[debug] [2024-02-14T04:32:52.276Z] <<< [apiv2][body] POST https://cloudresourcemanager.googleapis.com/v1/projects/trid-innovations:testIamPermissions {"permissions":["cloudfunctions.functions.create","cloudfunctions.functions.delete","cloudfunctions.functions.get","cloudfunctions.functions.list","cloudfunctions.functions.update","cloudfunctions.operations.get","firebase.projects.get"]}
[debug] [2024-02-14T04:32:52.277Z] >>> [apiv2][query] POST https://iam.googleapis.com/v1/projects/trid-innovations/serviceAccounts/trid-innovations@appspot.gserviceaccount.com:testIamPermissions [none]
[debug] [2024-02-14T04:32:52.277Z] >>> [apiv2][body] POST https://iam.googleapis.com/v1/projects/trid-innovations/serviceAccounts/trid-innovations@appspot.gserviceaccount.com:testIamPermissions {"permissions":["iam.serviceAccounts.actAs"]}
[debug] [2024-02-14T04:32:52.835Z] <<< [apiv2][status] POST https://iam.googleapis.com/v1/projects/trid-innovations/serviceAccounts/trid-innovations@appspot.gserviceaccount.com:testIamPermissions 200
[debug] [2024-02-14T04:32:52.837Z] <<< [apiv2][body] POST https://iam.googleapis.com/v1/projects/trid-innovations/serviceAccounts/trid-innovations@appspot.gserviceaccount.com:testIamPermissions {"permissions":["iam.serviceAccounts.actAs"]}
[info] 
[info] === Deploying to 'trid-innovations'...
[info] 
[info] i  deploying functions 
[info] Running command: npm --prefix "$RESOURCE_DIR" run lint
[info] Running command: npm --prefix "$RESOURCE_DIR" run build
[info] ✔  functions: Finished running predeploy script. 
[debug] [2024-02-14T04:33:05.925Z] >>> [apiv2][query] GET https://firebase.googleapis.com/v1beta1/projects/trid-innovations [none]
[debug] [2024-02-14T04:33:06.155Z] <<< [apiv2][status] GET https://firebase.googleapis.com/v1beta1/projects/trid-innovations 200
[debug] [2024-02-14T04:33:06.158Z] <<< [apiv2][body] GET https://firebase.googleapis.com/v1beta1/projects/trid-innovations {"projectId":"trid-innovations","projectNumber":"556071864545","displayName":"trid-innovations","name":"projects/trid-innovations","resources":{"hostingSite":"trid-innovations"},"state":"ACTIVE","etag":"1_febd43f9-6d88-441d-940d-03676a64d91c"}
[info] i  functions: preparing codebase default for deployment 
[info] i  functions: ensuring required API cloudfunctions.googleapis.com is enabled... 
[info] i  functions: ensuring required API cloudbuild.googleapis.com is enabled... 
[info] i  artifactregistry: ensuring required API artifactregistry.googleapis.com is enabled... 
[debug] [2024-02-14T04:33:06.162Z] >>> [apiv2][query] GET https://serviceusage.googleapis.com/v1/projects/trid-innovations/services/cloudfunctions.googleapis.com [none]
[debug] [2024-02-14T04:33:06.163Z] >>> [apiv2][(partial)header] GET https://serviceusage.googleapis.com/v1/projects/trid-innovations/services/cloudfunctions.googleapis.com x-goog-quota-user=projects/trid-innovations
[debug] [2024-02-14T04:33:06.169Z] >>> [apiv2][query] GET https://serviceusage.googleapis.com/v1/projects/trid-innovations/services/runtimeconfig.googleapis.com [none]
[debug] [2024-02-14T04:33:06.171Z] >>> [apiv2][(partial)header] GET https://serviceusage.googleapis.com/v1/projects/trid-innovations/services/runtimeconfig.googleapis.com x-goog-quota-user=projects/trid-innovations
[debug] [2024-02-14T04:33:06.175Z] >>> [apiv2][query] GET https://serviceusage.googleapis.com/v1/projects/trid-innovations/services/cloudbuild.googleapis.com [none]
[debug] [2024-02-14T04:33:06.177Z] >>> [apiv2][(partial)header] GET https://serviceusage.googleapis.com/v1/projects/trid-innovations/services/cloudbuild.googleapis.com x-goog-quota-user=projects/trid-innovations
[debug] [2024-02-14T04:33:06.180Z] >>> [apiv2][query] GET https://serviceusage.googleapis.com/v1/projects/trid-innovations/services/artifactregistry.googleapis.com [none]
[debug] [2024-02-14T04:33:06.180Z] >>> [apiv2][(partial)header] GET https://serviceusage.googleapis.com/v1/projects/trid-innovations/services/artifactregistry.googleapis.com x-goog-quota-user=projects/trid-innovations
[debug] [2024-02-14T04:33:06.973Z] <<< [apiv2][status] GET https://serviceusage.googleapis.com/v1/projects/trid-innovations/services/cloudbuild.googleapis.com 200
[debug] [2024-02-14T04:33:06.975Z] <<< [apiv2][body] GET https://serviceusage.googleapis.com/v1/projects/trid-innovations/services/cloudbuild.googleapis.com [omitted]
[info] ✔  functions: required API cloudbuild.googleapis.com is enabled 
[debug] [2024-02-14T04:33:07.379Z] <<< [apiv2][status] GET https://serviceusage.googleapis.com/v1/projects/trid-innovations/services/artifactregistry.googleapis.com 200
[debug] [2024-02-14T04:33:07.379Z] <<< [apiv2][body] GET https://serviceusage.googleapis.com/v1/projects/trid-innovations/services/artifactregistry.googleapis.com [omitted]
[info] ✔  artifactregistry: required API artifactregistry.googleapis.com is enabled 
[debug] [2024-02-14T04:33:07.379Z] <<< [apiv2][status] GET https://serviceusage.googleapis.com/v1/projects/trid-innovations/services/runtimeconfig.googleapis.com 200
[debug] [2024-02-14T04:33:07.379Z] <<< [apiv2][body] GET https://serviceusage.googleapis.com/v1/projects/trid-innovations/services/runtimeconfig.googleapis.com [omitted]
[debug] [2024-02-14T04:33:07.380Z] <<< [apiv2][status] GET https://serviceusage.googleapis.com/v1/projects/trid-innovations/services/cloudfunctions.googleapis.com 200
[debug] [2024-02-14T04:33:07.381Z] <<< [apiv2][body] GET https://serviceusage.googleapis.com/v1/projects/trid-innovations/services/cloudfunctions.googleapis.com [omitted]
[info] ✔  functions: required API cloudfunctions.googleapis.com is enabled 
[debug] [2024-02-14T04:33:07.381Z] >>> [apiv2][query] GET https://firebase.googleapis.com/v1beta1/projects/trid-innovations/adminSdkConfig [none]
[debug] [2024-02-14T04:33:07.644Z] <<< [apiv2][status] GET https://firebase.googleapis.com/v1beta1/projects/trid-innovations/adminSdkConfig 200
[debug] [2024-02-14T04:33:07.644Z] <<< [apiv2][body] GET https://firebase.googleapis.com/v1beta1/projects/trid-innovations/adminSdkConfig {"projectId":"trid-innovations","storageBucket":"trid-innovations.appspot.com"}
[debug] [2024-02-14T04:33:07.645Z] >>> [apiv2][query] GET https://runtimeconfig.googleapis.com/v1beta1/projects/trid-innovations/configs [none]
[debug] [2024-02-14T04:33:08.332Z] <<< [apiv2][status] GET https://runtimeconfig.googleapis.com/v1beta1/projects/trid-innovations/configs 200
[debug] [2024-02-14T04:33:08.332Z] <<< [apiv2][body] GET https://runtimeconfig.googleapis.com/v1beta1/projects/trid-innovations/configs {}
[debug] [2024-02-14T04:33:08.336Z] Validating nodejs source
[debug] [2024-02-14T04:33:09.146Z] > [functions] package.json contents: {
  "name": "functions",
  "scripts": {
    "lint": "eslint --ext .js,.ts .",
    "build": "tsc",
    "build:watch": "tsc --watch",
    "serve": "npm run build && firebase emulators:start --only functions",
    "shell": "npm run build && firebase functions:shell",
    "start": "npm run shell",
    "deploy_function": "pnpm build && firebase deploy --only functions",
    "logs": "firebase functions:log"
  },
  "engines": {
    "node": "18"
  },
  "main": "lib/src/index.js",
  "dependencies": {
    "@google-cloud/functions-framework": "^3.3.0",
    "cors": "^2.8.5",
    "firebase": "^10.8.0",
    "firebase-admin": "^11.8.0",
    "firebase-functions": "^4.3.1",
    "nodemailer": "^6.9.9"
  },
  "devDependencies": {
    "@typescript-eslint/eslint-plugin": "^5.12.0",
    "@typescript-eslint/parser": "^5.12.0",
    "eslint": "^8.9.0",
    "eslint-config-google": "^0.14.0",
    "eslint-plugin-import": "^2.25.4",
    "firebase-functions-test": "^3.1.0",
    "typescript": "^4.9.0"
  },
  "private": true
}
[debug] [2024-02-14T04:33:09.146Z] Building nodejs source
[debug] [2024-02-14T04:33:09.147Z] Could not find functions.yaml. Must use http discovery
[debug] [2024-02-14T04:33:09.160Z] Found firebase-functions binary at '/Users/patricediouf/TRID/trid-innovations-web/functions/node_modules/.bin/firebase-functions'
[debug] [2024-02-14T04:33:09.627Z] Serving at port 8680

[debug] [2024-02-14T04:33:09.811Z] Got response from /__/functions.yaml {"endpoints":{"sendEmail":{"platform":"gcfv1","availableMemoryMb":null,"timeoutSeconds":null,"minInstances":null,"maxInstances":null,"ingressSettings":null,"serviceAccountEmail":null,"vpc":null,"httpsTrigger":{},"entryPoint":"sendEmail"}},"specVersion":"v1alpha1","requiredAPIs":[]}
[info] i  functions: preparing functions directory for uploading... 
[info] i  functions: packaged /Users/patricediouf/TRID/trid-innovations-web/functions (75.16 MB) for uploading 
[debug] [2024-02-14T04:33:21.994Z] >>> [apiv2][query] GET https://cloudfunctions.googleapis.com/v1/projects/trid-innovations/locations/-/functions [none]
[debug] [2024-02-14T04:33:22.508Z] <<< [apiv2][status] GET https://cloudfunctions.googleapis.com/v1/projects/trid-innovations/locations/-/functions 200
[debug] [2024-02-14T04:33:22.509Z] <<< [apiv2][body] GET https://cloudfunctions.googleapis.com/v1/projects/trid-innovations/locations/-/functions {}
[debug] [2024-02-14T04:33:22.510Z] >>> [apiv2][query] GET https://cloudfunctions.googleapis.com/v2/projects/trid-innovations/locations/-/functions filter=environment%3D%22GEN_2%22
[debug] [2024-02-14T04:33:23.043Z] <<< [apiv2][status] GET https://cloudfunctions.googleapis.com/v2/projects/trid-innovations/locations/-/functions 200
[debug] [2024-02-14T04:33:23.043Z] <<< [apiv2][body] GET https://cloudfunctions.googleapis.com/v2/projects/trid-innovations/locations/-/functions {}
[debug] [2024-02-14T04:33:23.050Z] >>> [apiv2][query] GET https://firebase.googleapis.com/v1beta1/projects/trid-innovations [none]
[debug] [2024-02-14T04:33:23.215Z] <<< [apiv2][status] GET https://firebase.googleapis.com/v1beta1/projects/trid-innovations 200
[debug] [2024-02-14T04:33:23.215Z] <<< [apiv2][body] GET https://firebase.googleapis.com/v1beta1/projects/trid-innovations {"projectId":"trid-innovations","projectNumber":"556071864545","displayName":"trid-innovations","name":"projects/trid-innovations","resources":{"hostingSite":"trid-innovations"},"state":"ACTIVE","etag":"1_febd43f9-6d88-441d-940d-03676a64d91c"}
[debug] [2024-02-14T04:33:23.218Z] [functions] found 1 new HTTP functions, testing setIamPolicy permission...
[debug] [2024-02-14T04:33:23.219Z] >>> [apiv2][query] POST https://cloudresourcemanager.googleapis.com/v1/projects/trid-innovations:testIamPermissions [none]
[debug] [2024-02-14T04:33:23.219Z] >>> [apiv2][(partial)header] POST https://cloudresourcemanager.googleapis.com/v1/projects/trid-innovations:testIamPermissions x-goog-quota-user=projects/trid-innovations
[debug] [2024-02-14T04:33:23.219Z] >>> [apiv2][body] POST https://cloudresourcemanager.googleapis.com/v1/projects/trid-innovations:testIamPermissions {"permissions":["cloudfunctions.functions.setIamPolicy"]}
[debug] [2024-02-14T04:33:23.478Z] <<< [apiv2][status] POST https://cloudresourcemanager.googleapis.com/v1/projects/trid-innovations:testIamPermissions 200
[debug] [2024-02-14T04:33:23.478Z] <<< [apiv2][body] POST https://cloudresourcemanager.googleapis.com/v1/projects/trid-innovations:testIamPermissions {"permissions":["cloudfunctions.functions.setIamPolicy"]}
[debug] [2024-02-14T04:33:23.478Z] [functions] found setIamPolicy permission, proceeding with deploy
[debug] [2024-02-14T04:33:23.479Z] >>> [apiv2][query] POST https://cloudfunctions.googleapis.com/v1/projects/trid-innovations/locations/us-central1/functions:generateUploadUrl [none]
[debug] [2024-02-14T04:33:23.479Z] >>> [apiv2][body] POST https://cloudfunctions.googleapis.com/v1/projects/trid-innovations/locations/us-central1/functions:generateUploadUrl {}
[debug] [2024-02-14T04:33:24.068Z] <<< [apiv2][status] POST https://cloudfunctions.googleapis.com/v1/projects/trid-innovations/locations/us-central1/functions:generateUploadUrl 200
[debug] [2024-02-14T04:33:24.069Z] <<< [apiv2][body] POST https://cloudfunctions.googleapis.com/v1/projects/trid-innovations/locations/us-central1/functions:generateUploadUrl {"uploadUrl":"https://storage.googleapis.com/uploads-947040521855.us-central1.cloudfunctions.appspot.com/04d975cc-0dbf-4de2-9aec-0ba4b4a66da0.zip?GoogleAccessId=service-556071864545@gcf-admin-robot.iam.gserviceaccount.com&Expires=1707887003&Signature=H8VPXo5llBRFuisUwJZjA2TFf9Wl9f9xQRI1XWtWgCAR88J%2BG3I2b2Y5Gm3McOv8nSeKqrBQLPQ5Z%2FrpuVI6sgDX1F3RyIRX6hAGg%2FMJl3JR%2BXbB3S5F4wQpdHj5iFNoZ09ZYPfe1ky8A%2BPFyASeyS9kqDKB3fm3GOZGYo6aBQivJkKnCpjN8z9ZC1aZoneeOSm%2F54AuzFIzpb6fmdlm8IwgcRp5kIfxuIUMMd8Ty2Rc%2BthDfpnBlPWtZZTqm7v2AGvXddLdmAmCPeCp3LgW1ffzF2lNnt5O%2BbyRacszyEw0HIJk6M2KYdmcFbvJVOn30CxQfZs6T%2FvgiSQI0MB%2Fsw%3D%3D"}
[debug] [2024-02-14T04:33:24.075Z] >>> [apiv2][query] PUT https://storage.googleapis.com/uploads-947040521855.us-central1.cloudfunctions.appspot.com/04d975cc-0dbf-4de2-9aec-0ba4b4a66da0.zip GoogleAccessId=service-556071864545%40gcf-admin-robot.iam.gserviceaccount.com&Expires=1707887003&Signature=H8VPXo5llBRFuisUwJZjA2TFf9Wl9f9xQRI1XWtWgCAR88J%2BG3I2b2Y5Gm3McOv8nSeKqrBQLPQ5Z%2FrpuVI6sgDX1F3RyIRX6hAGg%2FMJl3JR%2BXbB3S5F4wQpdHj5iFNoZ09ZYPfe1ky8A%2BPFyASeyS9kqDKB3fm3GOZGYo6aBQivJkKnCpjN8z9ZC1aZoneeOSm%2F54AuzFIzpb6fmdlm8IwgcRp5kIfxuIUMMd8Ty2Rc%2BthDfpnBlPWtZZTqm7v2AGvXddLdmAmCPeCp3LgW1ffzF2lNnt5O%2BbyRacszyEw0HIJk6M2KYdmcFbvJVOn30CxQfZs6T%2FvgiSQI0MB%2Fsw%3D%3D
[debug] [2024-02-14T04:33:24.077Z] >>> [apiv2][body] PUT https://storage.googleapis.com/uploads-947040521855.us-central1.cloudfunctions.appspot.com/04d975cc-0dbf-4de2-9aec-0ba4b4a66da0.zip [stream]
[debug] [2024-02-14T04:33:28.455Z] <<< [apiv2][status] PUT https://storage.googleapis.com/uploads-947040521855.us-central1.cloudfunctions.appspot.com/04d975cc-0dbf-4de2-9aec-0ba4b4a66da0.zip 200
[debug] [2024-02-14T04:33:28.459Z] <<< [apiv2][body] PUT https://storage.googleapis.com/uploads-947040521855.us-central1.cloudfunctions.appspot.com/04d975cc-0dbf-4de2-9aec-0ba4b4a66da0.zip [omitted]
[info] ✔  functions: functions folder uploaded successfully 
[info] i  functions: creating Node.js 18 (1st Gen) function sendEmail(us-central1)... 
[debug] [2024-02-14T04:33:28.465Z] >>> [apiv2][query] POST https://cloudfunctions.googleapis.com/v1/projects/trid-innovations/locations/us-central1/functions [none]
[debug] [2024-02-14T04:33:28.465Z] >>> [apiv2][body] POST https://cloudfunctions.googleapis.com/v1/projects/trid-innovations/locations/us-central1/functions {"name":"projects/trid-innovations/locations/us-central1/functions/sendEmail","sourceUploadUrl":"https://storage.googleapis.com/uploads-947040521855.us-central1.cloudfunctions.appspot.com/04d975cc-0dbf-4de2-9aec-0ba4b4a66da0.zip?GoogleAccessId=service-556071864545@gcf-admin-robot.iam.gserviceaccount.com&Expires=1707887003&Signature=H8VPXo5llBRFuisUwJZjA2TFf9Wl9f9xQRI1XWtWgCAR88J%2BG3I2b2Y5Gm3McOv8nSeKqrBQLPQ5Z%2FrpuVI6sgDX1F3RyIRX6hAGg%2FMJl3JR%2BXbB3S5F4wQpdHj5iFNoZ09ZYPfe1ky8A%2BPFyASeyS9kqDKB3fm3GOZGYo6aBQivJkKnCpjN8z9ZC1aZoneeOSm%2F54AuzFIzpb6fmdlm8IwgcRp5kIfxuIUMMd8Ty2Rc%2BthDfpnBlPWtZZTqm7v2AGvXddLdmAmCPeCp3LgW1ffzF2lNnt5O%2BbyRacszyEw0HIJk6M2KYdmcFbvJVOn30CxQfZs6T%2FvgiSQI0MB%2Fsw%3D%3D","entryPoint":"sendEmail","runtime":"nodejs18","dockerRegistry":"ARTIFACT_REGISTRY","labels":{"deployment-tool":"cli-firebase","firebase-functions-hash":"116e9e3c429e47b455ab36ed5b308c5b48929d39"},"httpsTrigger":{"securityLevel":"SECURE_ALWAYS"},"minInstances":null,"maxInstances":null,"ingressSettings":null,"environmentVariables":{"FIREBASE_CONFIG":"{\"projectId\":\"trid-innovations\",\"storageBucket\":\"trid-innovations.appspot.com\"}","GCLOUD_PROJECT":"trid-innovations","EVENTARC_CLOUD_EVENT_SOURCE":"projects/trid-innovations/locations/us-central1/functions/sendEmail"},"serviceAccountEmail":null,"availableMemoryMb":null,"timeout":null,"vpcConnector":null,"vpcConnectorEgressSettings":null,"buildEnvironmentVariables":{"GOOGLE_NODE_RUN_SCRIPTS":""}}
[debug] [2024-02-14T04:33:29.196Z] <<< [apiv2][status] POST https://cloudfunctions.googleapis.com/v1/projects/trid-innovations/locations/us-central1/functions 200
[debug] [2024-02-14T04:33:29.198Z] <<< [apiv2][body] POST https://cloudfunctions.googleapis.com/v1/projects/trid-innovations/locations/us-central1/functions {"name":"operations/dHJpZC1pbm5vdmF0aW9ucy91cy1jZW50cmFsMS9zZW5kRW1haWwvZy1XNV80MnVfQUU","metadata":{"@type":"type.googleapis.com/google.cloud.functions.v1.OperationMetadataV1","target":"projects/trid-innovations/locations/us-central1/functions/sendEmail","type":"CREATE_FUNCTION","request":{"@type":"type.googleapis.com/google.cloud.functions.v1.CloudFunction","name":"projects/trid-innovations/locations/us-central1/functions/sendEmail","httpsTrigger":{"securityLevel":"SECURE_ALWAYS"},"entryPoint":"sendEmail","labels":{"deployment-tool":"cli-firebase","firebase-functions-hash":"116e9e3c429e47b455ab36ed5b308c5b48929d39"},"sourceUploadUrl":"https://storage.googleapis.com/uploads-947040521855.us-central1.cloudfunctions.appspot.com/04d975cc-0dbf-4de2-9aec-0ba4b4a66da0.zip?GoogleAccessId=service-556071864545@gcf-admin-robot.iam.gserviceaccount.com&Expires=1707887003&Signature=H8VPXo5llBRFuisUwJZjA2TFf9Wl9f9xQRI1XWtWgCAR88J%2BG3I2b2Y5Gm3McOv8nSeKqrBQLPQ5Z%2FrpuVI6sgDX1F3RyIRX6hAGg%2FMJl3JR%2BXbB3S5F4wQpdHj5iFNoZ09ZYPfe1ky8A%2BPFyASeyS9kqDKB3fm3GOZGYo6aBQivJkKnCpjN8z9ZC1aZoneeOSm%2F54AuzFIzpb6fmdlm8IwgcRp5kIfxuIUMMd8Ty2Rc%2BthDfpnBlPWtZZTqm7v2AGvXddLdmAmCPeCp3LgW1ffzF2lNnt5O%2BbyRacszyEw0HIJk6M2KYdmcFbvJVOn30CxQfZs6T%2FvgiSQI0MB%2Fsw%3D%3D","environmentVariables":{"FIREBASE_CONFIG":"{\"projectId\":\"trid-innovations\",\"storageBucket\":\"trid-innovations.appspot.com\"}","GCLOUD_PROJECT":"trid-innovations","EVENTARC_CLOUD_EVENT_SOURCE":"projects/trid-innovations/locations/us-central1/functions/sendEmail"},"runtime":"nodejs18","buildEnvironmentVariables":{"GOOGLE_NODE_RUN_SCRIPTS":""},"dockerRegistry":"ARTIFACT_REGISTRY"},"versionId":"1","updateTime":"2024-02-14T04:33:28Z"}}
[debug] [2024-02-14T04:33:29.200Z] >>> [apiv2][query] GET https://cloudfunctions.googleapis.com/v1/operations/dHJpZC1pbm5vdmF0aW9ucy91cy1jZW50cmFsMS9zZW5kRW1haWwvZy1XNV80MnVfQUU [none]
[debug] [2024-02-14T04:33:29.395Z] <<< [apiv2][status] GET https://cloudfunctions.googleapis.com/v1/operations/dHJpZC1pbm5vdmF0aW9ucy91cy1jZW50cmFsMS9zZW5kRW1haWwvZy1XNV80MnVfQUU 200
[debug] [2024-02-14T04:33:29.396Z] <<< [apiv2][body] GET https://cloudfunctions.googleapis.com/v1/operations/dHJpZC1pbm5vdmF0aW9ucy91cy1jZW50cmFsMS9zZW5kRW1haWwvZy1XNV80MnVfQUU {"name":"operations/dHJpZC1pbm5vdmF0aW9ucy91cy1jZW50cmFsMS9zZW5kRW1haWwvZy1XNV80MnVfQUU","metadata":{"@type":"type.googleapis.com/google.cloud.functions.v1.OperationMetadataV1","target":"projects/trid-innovations/locations/us-central1/functions/sendEmail","type":"CREATE_FUNCTION","request":{"@type":"type.googleapis.com/google.cloud.functions.v1.CloudFunction","name":"projects/trid-innovations/locations/us-central1/functions/sendEmail","httpsTrigger":{"securityLevel":"SECURE_ALWAYS"},"entryPoint":"sendEmail","labels":{"deployment-tool":"cli-firebase","firebase-functions-hash":"116e9e3c429e47b455ab36ed5b308c5b48929d39"},"sourceUploadUrl":"https://storage.googleapis.com/uploads-947040521855.us-central1.cloudfunctions.appspot.com/04d975cc-0dbf-4de2-9aec-0ba4b4a66da0.zip?GoogleAccessId=service-556071864545@gcf-admin-robot.iam.gserviceaccount.com&Expires=1707887003&Signature=H8VPXo5llBRFuisUwJZjA2TFf9Wl9f9xQRI1XWtWgCAR88J%2BG3I2b2Y5Gm3McOv8nSeKqrBQLPQ5Z%2FrpuVI6sgDX1F3RyIRX6hAGg%2FMJl3JR%2BXbB3S5F4wQpdHj5iFNoZ09ZYPfe1ky8A%2BPFyASeyS9kqDKB3fm3GOZGYo6aBQivJkKnCpjN8z9ZC1aZoneeOSm%2F54AuzFIzpb6fmdlm8IwgcRp5kIfxuIUMMd8Ty2Rc%2BthDfpnBlPWtZZTqm7v2AGvXddLdmAmCPeCp3LgW1ffzF2lNnt5O%2BbyRacszyEw0HIJk6M2KYdmcFbvJVOn30CxQfZs6T%2FvgiSQI0MB%2Fsw%3D%3D","environmentVariables":{"FIREBASE_CONFIG":"{\"projectId\":\"trid-innovations\",\"storageBucket\":\"trid-innovations.appspot.com\"}","GCLOUD_PROJECT":"trid-innovations","EVENTARC_CLOUD_EVENT_SOURCE":"projects/trid-innovations/locations/us-central1/functions/sendEmail"},"runtime":"nodejs18","buildEnvironmentVariables":{"GOOGLE_NODE_RUN_SCRIPTS":""},"dockerRegistry":"ARTIFACT_REGISTRY"},"versionId":"1","updateTime":"2024-02-14T04:33:29Z"}}
[debug] [2024-02-14T04:33:29.897Z] [create-default-us-central1-sendEmail] Retrying task index 0
[debug] [2024-02-14T04:33:29.897Z] >>> [apiv2][query] GET https://cloudfunctions.googleapis.com/v1/operations/dHJpZC1pbm5vdmF0aW9ucy91cy1jZW50cmFsMS9zZW5kRW1haWwvZy1XNV80MnVfQUU [none]
[debug] [2024-02-14T04:33:30.091Z] <<< [apiv2][status] GET https://cloudfunctions.googleapis.com/v1/operations/dHJpZC1pbm5vdmF0aW9ucy91cy1jZW50cmFsMS9zZW5kRW1haWwvZy1XNV80MnVfQUU 200
[debug] [2024-02-14T04:33:30.091Z] <<< [apiv2][body] GET https://cloudfunctions.googleapis.com/v1/operations/dHJpZC1pbm5vdmF0aW9ucy91cy1jZW50cmFsMS9zZW5kRW1haWwvZy1XNV80MnVfQUU {"name":"operations/dHJpZC1pbm5vdmF0aW9ucy91cy1jZW50cmFsMS9zZW5kRW1haWwvZy1XNV80MnVfQUU","metadata":{"@type":"type.googleapis.com/google.cloud.functions.v1.OperationMetadataV1","target":"projects/trid-innovations/locations/us-central1/functions/sendEmail","type":"CREATE_FUNCTION","request":{"@type":"type.googleapis.com/google.cloud.functions.v1.CloudFunction","name":"projects/trid-innovations/locations/us-central1/functions/sendEmail","httpsTrigger":{"securityLevel":"SECURE_ALWAYS"},"entryPoint":"sendEmail","labels":{"deployment-tool":"cli-firebase","firebase-functions-hash":"116e9e3c429e47b455ab36ed5b308c5b48929d39"},"sourceUploadUrl":"https://storage.googleapis.com/uploads-947040521855.us-central1.cloudfunctions.appspot.com/04d975cc-0dbf-4de2-9aec-0ba4b4a66da0.zip?GoogleAccessId=service-556071864545@gcf-admin-robot.iam.gserviceaccount.com&Expires=1707887003&Signature=H8VPXo5llBRFuisUwJZjA2TFf9Wl9f9xQRI1XWtWgCAR88J%2BG3I2b2Y5Gm3McOv8nSeKqrBQLPQ5Z%2FrpuVI6sgDX1F3RyIRX6hAGg%2FMJl3JR%2BXbB3S5F4wQpdHj5iFNoZ09ZYPfe1ky8A%2BPFyASeyS9kqDKB3fm3GOZGYo6aBQivJkKnCpjN8z9ZC1aZoneeOSm%2F54AuzFIzpb6fmdlm8IwgcRp5kIfxuIUMMd8Ty2Rc%2BthDfpnBlPWtZZTqm7v2AGvXddLdmAmCPeCp3LgW1ffzF2lNnt5O%2BbyRacszyEw0HIJk6M2KYdmcFbvJVOn30CxQfZs6T%2FvgiSQI0MB%2Fsw%3D%3D","environmentVariables":{"FIREBASE_CONFIG":"{\"projectId\":\"trid-innovations\",\"storageBucket\":\"trid-innovations.appspot.com\"}","GCLOUD_PROJECT":"trid-innovations","EVENTARC_CLOUD_EVENT_SOURCE":"projects/trid-innovations/locations/us-central1/functions/sendEmail"},"runtime":"nodejs18","buildEnvironmentVariables":{"GOOGLE_NODE_RUN_SCRIPTS":""},"dockerRegistry":"ARTIFACT_REGISTRY"},"versionId":"1","updateTime":"2024-02-14T04:33:29Z","buildId":"863dbfd4-9f1a-41fe-a3f3-567fb964ffe5","buildName":"projects/556071864545/locations/us-central1/builds/863dbfd4-9f1a-41fe-a3f3-567fb964ffe5"}}
[debug] [2024-02-14T04:33:31.093Z] [create-default-us-central1-sendEmail] Retrying task index 0
[debug] [2024-02-14T04:33:31.094Z] >>> [apiv2][query] GET https://cloudfunctions.googleapis.com/v1/operations/dHJpZC1pbm5vdmF0aW9ucy91cy1jZW50cmFsMS9zZW5kRW1haWwvZy1XNV80MnVfQUU [none]
[debug] [2024-02-14T04:33:31.248Z] <<< [apiv2][status] GET https://cloudfunctions.googleapis.com/v1/operations/dHJpZC1pbm5vdmF0aW9ucy91cy1jZW50cmFsMS9zZW5kRW1haWwvZy1XNV80MnVfQUU 200
[debug] [2024-02-14T04:33:31.248Z] <<< [apiv2][body] GET https://cloudfunctions.googleapis.com/v1/operations/dHJpZC1pbm5vdmF0aW9ucy91cy1jZW50cmFsMS9zZW5kRW1haWwvZy1XNV80MnVfQUU {"name":"operations/dHJpZC1pbm5vdmF0aW9ucy91cy1jZW50cmFsMS9zZW5kRW1haWwvZy1XNV80MnVfQUU","metadata":{"@type":"type.googleapis.com/google.cloud.functions.v1.OperationMetadataV1","target":"projects/trid-innovations/locations/us-central1/functions/sendEmail","type":"CREATE_FUNCTION","request":{"@type":"type.googleapis.com/google.cloud.functions.v1.CloudFunction","name":"projects/trid-innovations/locations/us-central1/functions/sendEmail","httpsTrigger":{"securityLevel":"SECURE_ALWAYS"},"entryPoint":"sendEmail","labels":{"deployment-tool":"cli-firebase","firebase-functions-hash":"116e9e3c429e47b455ab36ed5b308c5b48929d39"},"sourceUploadUrl":"https://storage.googleapis.com/uploads-947040521855.us-central1.cloudfunctions.appspot.com/04d975cc-0dbf-4de2-9aec-0ba4b4a66da0.zip?GoogleAccessId=service-556071864545@gcf-admin-robot.iam.gserviceaccount.com&Expires=1707887003&Signature=H8VPXo5llBRFuisUwJZjA2TFf9Wl9f9xQRI1XWtWgCAR88J%2BG3I2b2Y5Gm3McOv8nSeKqrBQLPQ5Z%2FrpuVI6sgDX1F3RyIRX6hAGg%2FMJl3JR%2BXbB3S5F4wQpdHj5iFNoZ09ZYPfe1ky8A%2BPFyASeyS9kqDKB3fm3GOZGYo6aBQivJkKnCpjN8z9ZC1aZoneeOSm%2F54AuzFIzpb6fmdlm8IwgcRp5kIfxuIUMMd8Ty2Rc%2BthDfpnBlPWtZZTqm7v2AGvXddLdmAmCPeCp3LgW1ffzF2lNnt5O%2BbyRacszyEw0HIJk6M2KYdmcFbvJVOn30CxQfZs6T%2FvgiSQI0MB%2Fsw%3D%3D","environmentVariables":{"FIREBASE_CONFIG":"{\"projectId\":\"trid-innovations\",\"storageBucket\":\"trid-innovations.appspot.com\"}","GCLOUD_PROJECT":"trid-innovations","EVENTARC_CLOUD_EVENT_SOURCE":"projects/trid-innovations/locations/us-central1/functions/sendEmail"},"runtime":"nodejs18","buildEnvironmentVariables":{"GOOGLE_NODE_RUN_SCRIPTS":""},"dockerRegistry":"ARTIFACT_REGISTRY"},"versionId":"1","updateTime":"2024-02-14T04:33:29Z","buildId":"863dbfd4-9f1a-41fe-a3f3-567fb964ffe5","buildName":"projects/556071864545/locations/us-central1/builds/863dbfd4-9f1a-41fe-a3f3-567fb964ffe5"}}
[debug] [2024-02-14T04:33:33.250Z] [create-default-us-central1-sendEmail] Retrying task index 0
[debug] [2024-02-14T04:33:33.251Z] >>> [apiv2][query] GET https://cloudfunctions.googleapis.com/v1/operations/dHJpZC1pbm5vdmF0aW9ucy91cy1jZW50cmFsMS9zZW5kRW1haWwvZy1XNV80MnVfQUU [none]
[debug] [2024-02-14T04:33:33.428Z] <<< [apiv2][status] GET https://cloudfunctions.googleapis.com/v1/operations/dHJpZC1pbm5vdmF0aW9ucy91cy1jZW50cmFsMS9zZW5kRW1haWwvZy1XNV80MnVfQUU 200
[debug] [2024-02-14T04:33:33.429Z] <<< [apiv2][body] GET https://cloudfunctions.googleapis.com/v1/operations/dHJpZC1pbm5vdmF0aW9ucy91cy1jZW50cmFsMS9zZW5kRW1haWwvZy1XNV80MnVfQUU {"name":"operations/dHJpZC1pbm5vdmF0aW9ucy91cy1jZW50cmFsMS9zZW5kRW1haWwvZy1XNV80MnVfQUU","metadata":{"@type":"type.googleapis.com/google.cloud.functions.v1.OperationMetadataV1","target":"projects/trid-innovations/locations/us-central1/functions/sendEmail","type":"CREATE_FUNCTION","request":{"@type":"type.googleapis.com/google.cloud.functions.v1.CloudFunction","name":"projects/trid-innovations/locations/us-central1/functions/sendEmail","httpsTrigger":{"securityLevel":"SECURE_ALWAYS"},"entryPoint":"sendEmail","labels":{"deployment-tool":"cli-firebase","firebase-functions-hash":"116e9e3c429e47b455ab36ed5b308c5b48929d39"},"sourceUploadUrl":"https://storage.googleapis.com/uploads-947040521855.us-central1.cloudfunctions.appspot.com/04d975cc-0dbf-4de2-9aec-0ba4b4a66da0.zip?GoogleAccessId=service-556071864545@gcf-admin-robot.iam.gserviceaccount.com&Expires=1707887003&Signature=H8VPXo5llBRFuisUwJZjA2TFf9Wl9f9xQRI1XWtWgCAR88J%2BG3I2b2Y5Gm3McOv8nSeKqrBQLPQ5Z%2FrpuVI6sgDX1F3RyIRX6hAGg%2FMJl3JR%2BXbB3S5F4wQpdHj5iFNoZ09ZYPfe1ky8A%2BPFyASeyS9kqDKB3fm3GOZGYo6aBQivJkKnCpjN8z9ZC1aZoneeOSm%2F54AuzFIzpb6fmdlm8IwgcRp5kIfxuIUMMd8Ty2Rc%2BthDfpnBlPWtZZTqm7v2AGvXddLdmAmCPeCp3LgW1ffzF2lNnt5O%2BbyRacszyEw0HIJk6M2KYdmcFbvJVOn30CxQfZs6T%2FvgiSQI0MB%2Fsw%3D%3D","environmentVariables":{"FIREBASE_CONFIG":"{\"projectId\":\"trid-innovations\",\"storageBucket\":\"trid-innovations.appspot.com\"}","GCLOUD_PROJECT":"trid-innovations","EVENTARC_CLOUD_EVENT_SOURCE":"projects/trid-innovations/locations/us-central1/functions/sendEmail"},"runtime":"nodejs18","buildEnvironmentVariables":{"GOOGLE_NODE_RUN_SCRIPTS":""},"dockerRegistry":"ARTIFACT_REGISTRY"},"versionId":"1","updateTime":"2024-02-14T04:33:29Z","buildId":"863dbfd4-9f1a-41fe-a3f3-567fb964ffe5","buildName":"projects/556071864545/locations/us-central1/builds/863dbfd4-9f1a-41fe-a3f3-567fb964ffe5"}}
[debug] [2024-02-14T04:33:37.431Z] [create-default-us-central1-sendEmail] Retrying task index 0
[debug] [2024-02-14T04:33:37.440Z] >>> [apiv2][query] GET https://cloudfunctions.googleapis.com/v1/operations/dHJpZC1pbm5vdmF0aW9ucy91cy1jZW50cmFsMS9zZW5kRW1haWwvZy1XNV80MnVfQUU [none]
[debug] [2024-02-14T04:33:37.624Z] <<< [apiv2][status] GET https://cloudfunctions.googleapis.com/v1/operations/dHJpZC1pbm5vdmF0aW9ucy91cy1jZW50cmFsMS9zZW5kRW1haWwvZy1XNV80MnVfQUU 200
[debug] [2024-02-14T04:33:37.624Z] <<< [apiv2][body] GET https://cloudfunctions.googleapis.com/v1/operations/dHJpZC1pbm5vdmF0aW9ucy91cy1jZW50cmFsMS9zZW5kRW1haWwvZy1XNV80MnVfQUU {"name":"operations/dHJpZC1pbm5vdmF0aW9ucy91cy1jZW50cmFsMS9zZW5kRW1haWwvZy1XNV80MnVfQUU","metadata":{"@type":"type.googleapis.com/google.cloud.functions.v1.OperationMetadataV1","target":"projects/trid-innovations/locations/us-central1/functions/sendEmail","type":"CREATE_FUNCTION","request":{"@type":"type.googleapis.com/google.cloud.functions.v1.CloudFunction","name":"projects/trid-innovations/locations/us-central1/functions/sendEmail","httpsTrigger":{"securityLevel":"SECURE_ALWAYS"},"entryPoint":"sendEmail","labels":{"deployment-tool":"cli-firebase","firebase-functions-hash":"116e9e3c429e47b455ab36ed5b308c5b48929d39"},"sourceUploadUrl":"https://storage.googleapis.com/uploads-947040521855.us-central1.cloudfunctions.appspot.com/04d975cc-0dbf-4de2-9aec-0ba4b4a66da0.zip?GoogleAccessId=service-556071864545@gcf-admin-robot.iam.gserviceaccount.com&Expires=1707887003&Signature=H8VPXo5llBRFuisUwJZjA2TFf9Wl9f9xQRI1XWtWgCAR88J%2BG3I2b2Y5Gm3McOv8nSeKqrBQLPQ5Z%2FrpuVI6sgDX1F3RyIRX6hAGg%2FMJl3JR%2BXbB3S5F4wQpdHj5iFNoZ09ZYPfe1ky8A%2BPFyASeyS9kqDKB3fm3GOZGYo6aBQivJkKnCpjN8z9ZC1aZoneeOSm%2F54AuzFIzpb6fmdlm8IwgcRp5kIfxuIUMMd8Ty2Rc%2BthDfpnBlPWtZZTqm7v2AGvXddLdmAmCPeCp3LgW1ffzF2lNnt5O%2BbyRacszyEw0HIJk6M2KYdmcFbvJVOn30CxQfZs6T%2FvgiSQI0MB%2Fsw%3D%3D","environmentVariables":{"FIREBASE_CONFIG":"{\"projectId\":\"trid-innovations\",\"storageBucket\":\"trid-innovations.appspot.com\"}","GCLOUD_PROJECT":"trid-innovations","EVENTARC_CLOUD_EVENT_SOURCE":"projects/trid-innovations/locations/us-central1/functions/sendEmail"},"runtime":"nodejs18","buildEnvironmentVariables":{"GOOGLE_NODE_RUN_SCRIPTS":""},"dockerRegistry":"ARTIFACT_REGISTRY"},"versionId":"1","updateTime":"2024-02-14T04:33:29Z","buildId":"863dbfd4-9f1a-41fe-a3f3-567fb964ffe5","buildName":"projects/556071864545/locations/us-central1/builds/863dbfd4-9f1a-41fe-a3f3-567fb964ffe5"}}
[debug] [2024-02-14T04:33:45.625Z] [create-default-us-central1-sendEmail] Retrying task index 0
[debug] [2024-02-14T04:33:45.626Z] >>> [apiv2][query] GET https://cloudfunctions.googleapis.com/v1/operations/dHJpZC1pbm5vdmF0aW9ucy91cy1jZW50cmFsMS9zZW5kRW1haWwvZy1XNV80MnVfQUU [none]
[debug] [2024-02-14T04:33:45.789Z] <<< [apiv2][status] GET https://cloudfunctions.googleapis.com/v1/operations/dHJpZC1pbm5vdmF0aW9ucy91cy1jZW50cmFsMS9zZW5kRW1haWwvZy1XNV80MnVfQUU 200
[debug] [2024-02-14T04:33:45.789Z] <<< [apiv2][body] GET https://cloudfunctions.googleapis.com/v1/operations/dHJpZC1pbm5vdmF0aW9ucy91cy1jZW50cmFsMS9zZW5kRW1haWwvZy1XNV80MnVfQUU {"name":"operations/dHJpZC1pbm5vdmF0aW9ucy91cy1jZW50cmFsMS9zZW5kRW1haWwvZy1XNV80MnVfQUU","metadata":{"@type":"type.googleapis.com/google.cloud.functions.v1.OperationMetadataV1","target":"projects/trid-innovations/locations/us-central1/functions/sendEmail","type":"CREATE_FUNCTION","request":{"@type":"type.googleapis.com/google.cloud.functions.v1.CloudFunction","name":"projects/trid-innovations/locations/us-central1/functions/sendEmail","httpsTrigger":{"securityLevel":"SECURE_ALWAYS"},"entryPoint":"sendEmail","labels":{"deployment-tool":"cli-firebase","firebase-functions-hash":"116e9e3c429e47b455ab36ed5b308c5b48929d39"},"sourceUploadUrl":"https://storage.googleapis.com/uploads-947040521855.us-central1.cloudfunctions.appspot.com/04d975cc-0dbf-4de2-9aec-0ba4b4a66da0.zip?GoogleAccessId=service-556071864545@gcf-admin-robot.iam.gserviceaccount.com&Expires=1707887003&Signature=H8VPXo5llBRFuisUwJZjA2TFf9Wl9f9xQRI1XWtWgCAR88J%2BG3I2b2Y5Gm3McOv8nSeKqrBQLPQ5Z%2FrpuVI6sgDX1F3RyIRX6hAGg%2FMJl3JR%2BXbB3S5F4wQpdHj5iFNoZ09ZYPfe1ky8A%2BPFyASeyS9kqDKB3fm3GOZGYo6aBQivJkKnCpjN8z9ZC1aZoneeOSm%2F54AuzFIzpb6fmdlm8IwgcRp5kIfxuIUMMd8Ty2Rc%2BthDfpnBlPWtZZTqm7v2AGvXddLdmAmCPeCp3LgW1ffzF2lNnt5O%2BbyRacszyEw0HIJk6M2KYdmcFbvJVOn30CxQfZs6T%2FvgiSQI0MB%2Fsw%3D%3D","environmentVariables":{"FIREBASE_CONFIG":"{\"projectId\":\"trid-innovations\",\"storageBucket\":\"trid-innovations.appspot.com\"}","GCLOUD_PROJECT":"trid-innovations","EVENTARC_CLOUD_EVENT_SOURCE":"projects/trid-innovations/locations/us-central1/functions/sendEmail"},"runtime":"nodejs18","buildEnvironmentVariables":{"GOOGLE_NODE_RUN_SCRIPTS":""},"dockerRegistry":"ARTIFACT_REGISTRY"},"versionId":"1","updateTime":"2024-02-14T04:33:29Z","buildId":"863dbfd4-9f1a-41fe-a3f3-567fb964ffe5","buildName":"projects/556071864545/locations/us-central1/builds/863dbfd4-9f1a-41fe-a3f3-567fb964ffe5"}}
